h:\files\3rd year!\csc3223 - graphics\csc3223 2019\csc3223 2019\common\debug\common.pdb
h:\files\3rd year!\csc3223 - graphics\csc3223 2019\csc3223 2019\common\debug\common.idb
h:\files\3rd year!\csc3223 - graphics\csc3223 2019\csc3223 2019\common\debug\win32keyboard.obj
h:\files\3rd year!\csc3223 - graphics\csc3223 2019\csc3223 2019\common\debug\vector4.obj
h:\files\3rd year!\csc3223 - graphics\csc3223 2019\csc3223 2019\common\debug\texturewriter.obj
h:\files\3rd year!\csc3223 - graphics\csc3223 2019\csc3223 2019\common\debug\textureloader.obj
h:\files\3rd year!\csc3223 - graphics\csc3223 2019\csc3223 2019\common\debug\texturebase.obj
h:\files\3rd year!\csc3223 - graphics\csc3223 2019\csc3223 2019\common\debug\simplefont.obj
h:\files\3rd year!\csc3223 - graphics\csc3223 2019\csc3223 2019\common\debug\shaderbase.obj
h:\files\3rd year!\csc3223 - graphics\csc3223 2019\csc3223 2019\common\debug\rendererbase.obj
h:\files\3rd year!\csc3223 - graphics\csc3223 2019\csc3223 2019\common\debug\quaternion.obj
h:\files\3rd year!\csc3223 - graphics\csc3223 2019\csc3223 2019\common\debug\plane.obj
h:\files\3rd year!\csc3223 - graphics\csc3223 2019\csc3223 2019\common\debug\mouse.obj
h:\files\3rd year!\csc3223 - graphics\csc3223 2019\csc3223 2019\common\debug\meshgeometry.obj
h:\files\3rd year!\csc3223 - graphics\csc3223 2019\csc3223 2019\common\debug\matrix4.obj
h:\files\3rd year!\csc3223 - graphics\csc3223 2019\csc3223 2019\common\debug\matrix3.obj
h:\files\3rd year!\csc3223 - graphics\csc3223 2019\csc3223 2019\common\debug\matrix2.obj
h:\files\3rd year!\csc3223 - graphics\csc3223 2019\csc3223 2019\common\debug\maths.obj
h:\files\3rd year!\csc3223 - graphics\csc3223 2019\csc3223 2019\common\debug\keyboard.obj
h:\files\3rd year!\csc3223 - graphics\csc3223 2019\csc3223 2019\common\debug\gametimer.obj
h:\files\3rd year!\csc3223 - graphics\csc3223 2019\csc3223 2019\common\debug\camera.obj
h:\files\3rd year!\csc3223 - graphics\csc3223 2019\csc3223 2019\common\debug\assets.obj
h:\files\3rd year!\csc3223 - graphics\csc3223 2019\csc3223 2019\common\debug\window.obj
h:\files\3rd year!\csc3223 - graphics\csc3223 2019\csc3223 2019\common\debug\win32window.obj
h:\files\3rd year!\csc3223 - graphics\csc3223 2019\csc3223 2019\common\debug\win32mouse.obj
h:\files\3rd year!\csc3223 - graphics\csc3223 2019\csc3223 2019\win32\debug\common.lib
h:\files\3rd year!\csc3223 - graphics\csc3223 2019\csc3223 2019\win32\debug\common.pdb
h:\files\3rd year!\csc3223 - graphics\csc3223 2019\csc3223 2019\common\debug\common.tlog\cl.command.1.tlog
h:\files\3rd year!\csc3223 - graphics\csc3223 2019\csc3223 2019\common\debug\common.tlog\cl.read.1.tlog
h:\files\3rd year!\csc3223 - graphics\csc3223 2019\csc3223 2019\common\debug\common.tlog\cl.write.1.tlog
h:\files\3rd year!\csc3223 - graphics\csc3223 2019\csc3223 2019\common\debug\common.tlog\lib-link.read.1.tlog
h:\files\3rd year!\csc3223 - graphics\csc3223 2019\csc3223 2019\common\debug\common.tlog\lib-link.write.1.tlog
h:\files\3rd year!\csc3223 - graphics\csc3223 2019\csc3223 2019\common\debug\common.tlog\lib.command.1.tlog
